24-03-2016 08:17:04|/index.php?id=log|http://mysite.local/index.php?id=log|
24-03-2016 08:17:08|/index.php?id=log|http://mysite.local/index.php?id=log|
24-03-2016 08:22:28|/index.php?id=log|http://mysite.local/index.php?id=log|
24-03-2016 08:23:24|/index.php?id=gbook|http://mysite.local/index.php?id=log|
24-03-2016 08:23:26|/index.php?id=log|http://mysite.local/index.php?id=gbook|
24-03-2016 08:24:20|/index.php|http://mysite.local/index.php?id=log|
24-03-2016 08:24:23|/index.php?id=contact|http://mysite.local/index.php|
24-03-2016 08:24:25|/index.php?id=about|http://mysite.local/index.php?id=contact|
24-03-2016 08:24:28|/index.php|http://mysite.local/index.php?id=about|
24-03-2016 08:24:32|/index.php?id=gbook|http://mysite.local/index.php|
24-03-2016 08:24:33|/index.php|http://mysite.local/index.php?id=gbook|
24-03-2016 08:49:58|/index.php?id=log|http://mysite.local/index.php|
24-03-2016 08:50:36|/index.php?id=log|http://mysite.local/index.php|
24-03-2016 09:05:43|/index.php?id=log|index.php|
24-03-2016 09:18:24|/index.php?id=log|index.php|
24-03-2016 09:19:40|/index.php?id=log|index.php
24-03-2016 09:19:41|/index.php?id=log|index.php
24-03-2016 09:19:42|/index.php?id=log|index.php
24-03-2016 09:19:43|/index.php?id=log|index.php
24-03-2016 09:21:26|/index.php?id=log|index.php
24-03-2016 09:23:05|/index.php?id=log|index.php
24-03-2016 09:23:20|/index.php?id=log|index.php
24-03-2016 09:28:50|/index.php?id=log|index.php
24-03-2016 09:28:53|/index.php?id=log|index.php
24-03-2016 09:28:54|/index.php?id=log|index.php
24-03-2016 09:28:55|/index.php?id=log|index.php
24-03-2016 09:28:58|/index.php?id=about|index.php?id=log
24-03-2016 11:46:27|/index.php?id=gbook|index.php?id=about
24-03-2016 11:47:03|/index.php?id=gbook|index.php?id=gbook
24-03-2016 11:49:35|/index.php|index.php?id=gbook
11-04-2016 12:40:50|/index.php?id=log|index.php
11-04-2016 12:40:50|/index.php?id=log|index.php
11-04-2016 12:41:26|/index.php|index.php?id=log
11-04-2016 12:41:39|/index.php?id=info|index.php
11-04-2016 12:41:41|/index.php?id=gbook|index.php?id=info
11-04-2016 12:41:43|/index.php?id=log|index.php?id=gbook
27-04-2016 10:15:00|/index.php?id=log|index.php?id=gbook
27-04-2016 10:15:12|/index.php|index.php?id=log
27-04-2016 10:15:32|/index.php|index.php
27-04-2016 10:15:33|/index.php?id=contact|index.php
27-04-2016 10:15:33|/index.php?id=about|index.php?id=contact
27-04-2016 10:15:34|/index.php?id=info|index.php?id=about
27-04-2016 10:15:36|/index.php?id=gbook|index.php?id=info
27-04-2016 10:15:44|/index.php?id=log|index.php?id=gbook
27-04-2016 10:15:47|/index.php|index.php?id=log
16-05-2016 08:04:32|/|
16-05-2016 08:04:37|/index.php|mysite.local
16-05-2016 08:04:42|/index.php?id=about|index.php
16-05-2016 08:05:02|/index.php|index.php?id=about
16-05-2016 08:05:06|/index.php?id=about|index.php
16-05-2016 08:05:09|/index.php?id=info|index.php?id=about
16-05-2016 09:02:26|/index.php?id=gbook|index.php?id=info
16-05-2016 09:02:31|/index.php?id=log|index.php?id=gbook
16-05-2016 09:02:44|/index.php|index.php?id=log
16-05-2016 09:51:03|/index.php?id=contact|index.php
16-05-2016 09:51:05|/index.php?id=info|index.php?id=contact
17-05-2016 04:48:02|/|
18-05-2016 06:00:11|/|
18-05-2016 06:02:44|/index.php?id=info|mysite.local
18-05-2016 06:02:46|/index.php|index.php?id=info
19-05-2016 08:15:29|/|
19-05-2016 08:19:11|/|
19-05-2016 14:01:10|/|
19-05-2016 14:01:14|/index.php|mysite.local
19-05-2016 14:01:18|/index.php|index.php
19-05-2016 14:01:19|/index.php|index.php
19-05-2016 14:01:20|/index.php|index.php
19-05-2016 14:01:21|/index.php|index.php
19-05-2016 14:01:21|/index.php|index.php
19-05-2016 14:01:26|/index.php?id=gbook|index.php
19-05-2016 14:01:28|/index.php?id=gbook|index.php?id=gbook
19-05-2016 14:01:38|/index.php?id=gbook|index.php?id=gbook
19-05-2016 14:01:39|/index.php?id=log|index.php?id=gbook
19-05-2016 14:02:04|/index.php?id=contact|index.php?id=log
19-05-2016 14:02:05|/index.php?id=about|index.php?id=contact
19-05-2016 14:02:07|/index.php?id=info|index.php?id=about
19-05-2016 14:02:12|/index.php?id=log|index.php?id=info
07-06-2016 12:46:50|/|
07-06-2016 12:47:05|/index.php?id=contact|og.og
09-06-2016 06:20:51|/|
09-06-2016 08:44:02|/|
09-06-2016 12:19:34|/|
10-06-2016 09:29:03|/|
22-06-2016 08:04:34|/|
01-09-2016 05:27:35|/|
01-09-2016 07:47:40|/|
01-09-2016 07:49:02|/|
01-09-2016 07:49:12|/|
